=========================================
WealthLog Maintenance Log
Date: Sun, Aug 24, 2025  3:23:50 PM
Command: doctor
=========================================

[2025-08-24 15:23:50] ===        COMPREHENSIVE SYSTEM DIAGNOSTICS        ===
[2025-08-24 15:23:50] --- System Requirements ---
[2025-08-24 15:23:50] INFO: Operating System: windows
[2025-08-24 15:23:51] SUCCESS: Node.js: v22.14.0 ✓
[2025-08-24 15:23:54] SUCCESS: npm: 11.1.0 ✓
[2025-08-24 15:23:54] SUCCESS: Git: 2.48.1.windows.1 ✓
[2025-08-24 15:23:54] --- Project Structure ---
[2025-08-24 15:23:54] SUCCESS: Backend directory: Found ✓
[2025-08-24 15:23:54] SUCCESS: Frontend directory: Found ✓
[2025-08-24 15:23:54] SUCCESS: Shared directory: Found ✓
[2025-08-24 15:23:54] --- Package Configuration ---
[2025-08-24 15:23:54] SUCCESS: Backend package.json: Found ✓
[2025-08-24 15:23:54] SUCCESS: Frontend package.json: Found ✓
[2025-08-24 15:23:54] SUCCESS: Shared package.json: Found ✓
[2025-08-24 15:23:54] --- Dependencies Installation ---
[2025-08-24 15:23:55] SUCCESS: Root dependencies: 638 packages ✓
[2025-08-24 15:23:55] SUCCESS: Backend dependencies: 0 packages ✓
[2025-08-24 15:23:55] WARNING: Frontend dependencies: Not installed
[2025-08-24 15:23:55] --- Environment Configuration ---
[2025-08-24 15:23:55] SUCCESS: Backend .env: Found ✓
[2025-08-24 15:23:55] SUCCESS:   • DATABASE_URL: Configured ✓
[2025-08-24 15:23:55] SUCCESS:   • JWT_ACCESS_SECRET: Configured ✓
[2025-08-24 15:23:56] SUCCESS:   • PORT: Configured ✓
[2025-08-24 15:23:56] SUCCESS: Frontend .env.local: Found ✓
[2025-08-24 15:23:56] --- Database Status ---
[2025-08-24 15:23:56] SUCCESS: Prisma schema: Found ✓
Environment variables loaded from .env
Prisma schema loaded from prisma\schema.prisma
The schema at prisma\schema.prisma is valid 🚀
[2025-08-24 15:24:06] SUCCESS:   • Schema validation: Passed ✓
[2025-08-24 15:24:19] SUCCESS:   • Migrations: Up to date ✓
[2025-08-24 15:24:19] --- Network Ports ---
[2025-08-24 15:24:19] SUCCESS: Frontend port 3000: Available ✓
[2025-08-24 15:24:19] SUCCESS: Backend port 5000: Available ✓
[2025-08-24 15:24:19] --- Security Configuration ---
[2025-08-24 15:24:19] SUCCESS: JWT Secret: Secure (64 chars) ✓
[2025-08-24 15:24:19] SUCCESS: Database Password: Custom ✓
[2025-08-24 15:24:19] --- Version Control ---
[2025-08-24 15:24:19] SUCCESS: Git repository: Initialized ✓
[2025-08-24 15:24:20] INFO:   • Current branch: master
[2025-08-24 15:24:20] WARNING:   • Working tree: 10 uncommitted change(s)
[2025-08-24 15:24:20] SUCCESS:   • Remote origin: Configured ✓
[2025-08-24 15:24:20] --- System Resources ---
[2025-08-24 15:24:21] SUCCESS: Disk usage: 73% ✓
[2025-08-24 15:24:21] --- Production Readiness ---
[2025-08-24 15:24:21] WARNING: Frontend build: Not built
[2025-08-24 15:24:50] SUCCESS: TypeScript: No errors ✓
[2025-08-24 15:24:50] ===     DIAGNOSTIC SUMMARY     ===
[2025-08-24 15:24:51] WARNING: System is functional with 3 warning(s)
