=========================================
WealthLog Maintenance Log
Date: Sat, Aug 23, 2025  3:37:24 PM
Command: init
=========================================

[2025-08-23 15:37:24] ===          INITIALIZING WEALTHLOG PROJECT          ===
[2025-08-23 15:37:27] INFO: System: windows | Node: v22.14.0 | npm: 11.1.0 | Git: 2.48.1.windows.1
[2025-08-23 15:37:27] --- Creating Environment Files ---
[2025-08-23 15:37:27] ===     EXPORTING CONFIGURATION     ===
[2025-08-23 15:37:27] --- Creating Backend .env ---
[2025-08-23 15:37:27] SUCCESS: Backend .env created
[2025-08-23 15:37:27] --- Creating Frontend .env.local ---
[2025-08-23 15:37:27] SUCCESS: Frontend .env.local created
[2025-08-23 15:37:27] --- Creating Mobile .env ---
[2025-08-23 15:37:27] SUCCESS: Mobile .env created
[2025-08-23 15:37:27] SUCCESS: Configuration exported to all apps!
[2025-08-23 15:37:27] ===     INSTALLING ALL DEPENDENCIES     ===
[2025-08-23 15:37:28] INFO: Installing Root dependencies...
npm warn deprecated inflight@1.0.6: This module is not supported, and leaks memory. Do not use it. Check out lru-cache if you want a good and tested way to coalesce async requests by a key value, which is much more comprehensive and powerful.
npm warn deprecated npmlog@5.0.1: This package is no longer supported.
npm warn deprecated rimraf@3.0.2: Rimraf versions prior to v4 are no longer supported
npm warn deprecated glob@7.2.3: Glob versions prior to v9 are no longer supported
npm warn deprecated are-we-there-yet@2.0.0: This package is no longer supported.
npm warn deprecated multer@1.4.5-lts.2: Multer 1.x is impacted by a number of vulnerabilities, which have been patched in 2.x. You should upgrade to the latest 2.x version.
npm warn deprecated gauge@3.0.2: This package is no longer supported.

added 834 packages, and audited 845 packages in 3m

197 packages are looking for funding
  run `npm fund` for details

3 vulnerabilities (2 moderate, 1 critical)

To address all issues (including breaking changes), run:
  npm audit fix --force

Run `npm audit` for details.
[2025-08-23 15:40:12] SUCCESS: Root dependencies installed
[2025-08-23 15:40:12] INFO: Installing Backend dependencies...

up to date, audited 840 packages in 8s

197 packages are looking for funding
  run `npm fund` for details

found 0 vulnerabilities
[2025-08-23 15:40:21] SUCCESS: Backend dependencies installed
[2025-08-23 15:40:22] INFO: Installing Frontend dependencies...

up to date, audited 840 packages in 5s

197 packages are looking for funding
  run `npm fund` for details

1 critical severity vulnerability

To address all issues, run:
  npm audit fix --force

Run `npm audit` for details.
[2025-08-23 15:40:28] SUCCESS: Frontend dependencies installed
[2025-08-23 15:40:28] INFO: Installing TypeScript...

up to date, audited 840 packages in 5s

197 packages are looking for funding
  run `npm fund` for details

1 critical severity vulnerability

To address all issues, run:
  npm audit fix --force

Run `npm audit` for details.
[2025-08-23 15:40:34] INFO: Installing Shared dependencies...

up to date, audited 840 packages in 4s

197 packages are looking for funding
  run `npm fund` for details

found 0 vulnerabilities
[2025-08-23 15:40:41] SUCCESS: Shared dependencies installed
[2025-08-23 15:40:41] INFO: Installing TypeScript...

up to date, audited 840 packages in 4s

197 packages are looking for funding
  run `npm fund` for details

found 0 vulnerabilities
[2025-08-23 15:40:46] INFO: Installing Mobile dependencies...

up to date, audited 840 packages in 4s

197 packages are looking for funding
  run `npm fund` for details

2 moderate severity vulnerabilities

To address all issues (including breaking changes), run:
  npm audit fix --force

Run `npm audit` for details.
[2025-08-23 15:40:51] SUCCESS: Mobile dependencies installed
[2025-08-23 15:40:51] --- Building Shared Package ---
[2025-08-23 15:40:51] WARNING: TypeScript not found - skipping build
[2025-08-23 15:40:51] --- Setting Up Database Client ---
[2025-08-23 15:40:51] INFO: Generating Prisma client...
Environment variables loaded from .env
Prisma schema loaded from prisma\schema.prisma

✔ Generated Prisma Client (v6.14.0) to .\..\..\node_modules\@prisma\client in 546ms

Start by importing your Prisma Client (See: https://pris.ly/d/importing-client)

Tip: Interested in query caching in just a few lines of code? Try Accelerate today! https://pris.ly/tip-3-accelerate

[2025-08-23 15:40:58] SUCCESS: Prisma client generated
[2025-08-23 15:40:58] ===           INITIALIZATION COMPLETE!           ===
