=========================================
WealthLog Maintenance Log
Date: Sat, Aug 23, 2025  1:51:27 PM
Command: doctor
=========================================

[2025-08-23 13:51:27] ===        SYSTEM DIAGNOSTICS        ===
[2025-08-23 13:51:27] --- Checking System Requirements ---
[2025-08-23 13:51:28] INFO: Node.js v22.14.0 | npm 11.1.0
[2025-08-23 13:51:28] --- Checking Project Structure ---
[2025-08-23 13:51:28] SUCCESS: Backend directory exists
[2025-08-23 13:51:28] SUCCESS: Frontend directory exists
[2025-08-23 13:51:29] SUCCESS: Shared directory exists
[2025-08-23 13:51:29] WARNING: Mobile directory missing (optional)
[2025-08-23 13:51:29] --- Checking Configuration ---
[2025-08-23 13:51:29] SUCCESS: JWT secrets configured
[2025-08-23 13:51:29] SUCCESS: Database password configured
[2025-08-23 13:51:29] --- Checking Dependencies ---
[2025-08-23 13:51:29] SUCCESS: Backend package.json exists
[2025-08-23 13:51:29] SUCCESS: Frontend package.json exists
[2025-08-23 13:51:29] --- Checking Database Connection ---
