=========================================
WealthLog Maintenance Log
Date: Sat, Aug 23, 2025  6:52:39 PM
Command: doctor
=========================================

[2025-08-23 18:52:39] ===        COMPREHENSIVE SYSTEM DIAGNOSTICS        ===
[2025-08-23 18:52:39] --- System Requirements ---
[2025-08-23 18:52:39] INFO: Operating System: windows
[2025-08-23 18:52:40] SUCCESS: Node.js: v22.14.0 ✓
[2025-08-23 18:52:42] SUCCESS: npm: 11.1.0 ✓
[2025-08-23 18:52:42] SUCCESS: Git: 2.48.1.windows.1 ✓
[2025-08-23 18:52:42] --- Project Structure ---
[2025-08-23 18:52:42] SUCCESS: Backend directory: Found ✓
[2025-08-23 18:52:42] SUCCESS: Frontend directory: Found ✓
[2025-08-23 18:52:43] SUCCESS: Shared directory: Found ✓
[2025-08-23 18:52:43] --- Package Configuration ---
[2025-08-23 18:52:43] SUCCESS: Backend package.json: Found ✓
[2025-08-23 18:52:43] SUCCESS: Frontend package.json: Found ✓
[2025-08-23 18:52:43] SUCCESS: Shared package.json: Found ✓
[2025-08-23 18:52:43] --- Dependencies Installation ---
[2025-08-23 18:52:43] SUCCESS: Root dependencies: 629 packages ✓
[2025-08-23 18:52:43] SUCCESS: Backend dependencies: 0 packages ✓
[2025-08-23 18:52:43] WARNING: Frontend dependencies: Not installed
[2025-08-23 18:52:43] --- Environment Configuration ---
[2025-08-23 18:52:43] SUCCESS: Backend .env: Found ✓
[2025-08-23 18:52:43] SUCCESS:   • DATABASE_URL: Configured ✓
[2025-08-23 18:52:44] SUCCESS:   • JWT_ACCESS_SECRET: Configured ✓
[2025-08-23 18:52:44] SUCCESS:   • PORT: Configured ✓
[2025-08-23 18:52:44] SUCCESS: Frontend .env.local: Found ✓
[2025-08-23 18:52:44] --- Database Status ---
[2025-08-23 18:52:44] SUCCESS: Prisma schema: Found ✓
Environment variables loaded from .env
Prisma schema loaded from prisma\schema.prisma
The schema at prisma\schema.prisma is valid 🚀
[2025-08-23 18:52:53] SUCCESS:   • Schema validation: Passed ✓
[2025-08-23 18:53:01] SUCCESS:   • Migrations: Up to date ✓
[2025-08-23 18:53:01] --- Network Ports ---
[2025-08-23 18:53:02] WARNING: Frontend port 3000: In use
[2025-08-23 18:53:02] SUCCESS: Backend port 5000: Available ✓
[2025-08-23 18:53:02] --- Security Configuration ---
[2025-08-23 18:53:02] SUCCESS: JWT Secret: Secure (64 chars) ✓
[2025-08-23 18:53:02] SUCCESS: Database Password: Custom ✓
[2025-08-23 18:53:02] --- Version Control ---
[2025-08-23 18:53:02] SUCCESS: Git repository: Initialized ✓
[2025-08-23 18:53:02] INFO:   • Current branch: master
[2025-08-23 18:53:03] WARNING:   • Working tree: 16 uncommitted change(s)
[2025-08-23 18:53:03] SUCCESS:   • Remote origin: Configured ✓
[2025-08-23 18:53:03] --- System Resources ---
[2025-08-23 18:53:04] SUCCESS: Disk usage: 73% ✓
[2025-08-23 18:53:04] --- Production Readiness ---
[2025-08-23 18:53:04] SUCCESS: Frontend build: Found ✓
[2025-08-23 18:53:26] SUCCESS: TypeScript: No errors ✓
[2025-08-23 18:53:26] ===     DIAGNOSTIC SUMMARY     ===
[2025-08-23 18:53:26] WARNING: System is functional with 3 warning(s)
