=========================================
WealthLog Maintenance Log
Date: Thu, Aug 21, 2025  7:55:06 PM
Command: deploy:check
=========================================

[2025-08-21 19:55:06] ===        PRE-DEPLOYMENT VALIDATION        ===
[2025-08-21 19:55:06] --- Checking Environment ---
[2025-08-21 19:55:06] WARNING: Backend .env contains localhost URLs
[2025-08-21 19:55:06] INFO: Ensure production env vars are set on Render
[2025-08-21 19:55:06] Backend .env has localhost URLs - needs production config on Render
[2025-08-21 19:55:07] --- Running Tests ---
[2025-08-21 19:55:07] ===            RUNNING TEST SUITE            ===
[2025-08-21 19:55:07] --- Testing Shared Package ---
[2025-08-21 19:55:07] TEST: Building shared package...

> @wealthlog/shared@0.0.1 build
> tsc

[2025-08-21 19:55:12] SUCCESS: Shared package builds
[2025-08-21 19:55:12] TEST: TypeScript validation...
[2025-08-21 19:55:18] SUCCESS: TypeScript valid
[2025-08-21 19:55:18] --- Testing Frontend ---
[2025-08-21 19:55:18] TEST: Checking dependencies...
[2025-08-21 19:55:18] SUCCESS: Required types installed
[2025-08-21 19:55:18] TEST: TypeScript validation...
pages/register.tsx(197,18): error TS2345: Argument of type '{ [k: string]: string; }' is not assignable to parameter of type 'RegisterData'.
  Type '{ [k: string]: string; }' is missing the following properties from type 'RegisterData': username, email, password, firstName, lastName
pages/trading/insights.tsx(85,49): error TS2345: Argument of type 'number' is not assignable to parameter of type 'string'.
pages/trading/trading.tsx(57,58): error TS2769: No overload matches this call.
  Overload 1 of 4, '(value: string | number | Date): Date', gave the following error.
    Argument of type 'string | undefined' is not assignable to parameter of type 'string | number | Date'.
      Type 'undefined' is not assignable to type 'string | number | Date'.
  Overload 2 of 4, '(value: string | number): Date', gave the following error.
    Argument of type 'string | undefined' is not assignable to parameter of type 'string | number'.
      Type 'undefined' is not assignable to type 'string | number'.
pages/trading/trading.tsx(57,92): error TS2769: No overload matches this call.
  Overload 1 of 4, '(value: string | number | Date): Date', gave the following error.
    Argument of type 'string | undefined' is not assignable to parameter of type 'string | number | Date'.
      Type 'undefined' is not assignable to type 'string | number | Date'.
  Overload 2 of 4, '(value: string | number): Date', gave the following error.
    Argument of type 'string | undefined' is not assignable to parameter of type 'string | number'.
      Type 'undefined' is not assignable to type 'string | number'.
pages/trading/trading.tsx(58,17): error TS2345: Argument of type 'Trade[]' is not assignable to parameter of type 'SetStateAction<Trade[]>'.
  Type 'import("C:/Users/User/Desktop/wealthlogs/wealthlogs-code/packages/shared/dist/types/index").Trade[]' is not assignable to type 'Trade[]'.
    Type 'import("C:/Users/User/Desktop/wealthlogs/wealthlogs-code/packages/shared/dist/types/index").Trade' is not assignable to type 'Trade'.
      Types of property 'instrument' are incompatible.
        Type 'string | undefined' is not assignable to type 'string'.
          Type 'undefined' is not assignable to type 'string'.
[2025-08-21 19:55:29] WARNING: 5 TypeScript warning(s) - details in log
[2025-08-21 19:55:30] TypeScript errors found: 5
[2025-08-21 19:55:30] TEST: Production build test...

> @wealthlog/web@0.1.0 build
> next build --no-lint

 ⚠ Linting is disabled.
   ▲ Next.js 15.1.7
   - Environments: .env.local, .env.production

   Skipping validation of types
   Creating an optimized production build ...
 ✓ Compiled successfully
   Collecting page data ...
   Generating static pages (0/82) ...
   Generating static pages (20/82) 
   Generating static pages (40/82) 
   Generating static pages (61/82) 
 ✓ Generating static pages (82/82)
   Finalizing page optimization ...
   Collecting build traces ...

Route (pages)                              Size     First Load JS
┌ ○ / (5310 ms)                            329 B           144 kB
├   /_app                                  0 B             143 kB
├ ○ /404                                   2.42 kB         146 kB
├ ○ /accounts (5454 ms)                    5.72 kB         152 kB
├ ○ /adminAddRole (5314 ms)                969 B           147 kB
├ ○ /auth/callback (5311 ms)               636 B           144 kB
├ ○ /comingSoon (1165 ms)                  2.02 kB         145 kB
├ ○ /dashboard (5313 ms)                   483 B           144 kB
├ ○ /dashboard/networth/summary (5311 ms)  550 B           144 kB
├ ○ /forgotPassword (5313 ms)              2.23 kB         148 kB
├ ● /landing/landing                       106 kB          252 kB
├ ○ /login (1161 ms)                       2.64 kB         146 kB
├ ○ /RealEstate (5311 ms)                  3.78 kB         150 kB
├ ○ /register (1021 ms)                    4.78 kB         151 kB
├ ○ /reset-password (1019 ms)              2.33 kB         148 kB
├ ● /settings/settingsGeneral              1.44 kB         147 kB
├ ○ /settings/settingsTrading (1010 ms)    2.96 kB         149 kB
├ ○ /trading/advancedFilter (1011 ms)      6.99 kB         153 kB
├ ○ /trading/insights (1016 ms)            12.4 kB         158 kB
├ ○ /trading/trading (1012 ms)             8.05 kB         154 kB
└ ○ /verify-email (910 ms)                 1.39 kB         147 kB
+ First Load JS shared by all              151 kB
  ├ chunks/framework-d589f274c79185b2.js   57.7 kB
  ├ chunks/main-ce3572203d1defd0.js        37.3 kB
  ├ chunks/pages/_app-0afca2a158886d2c.js  46.6 kB
  └ other shared chunks (total)            9.71 kB

○  (Static)  prerendered as static content
●  (SSG)     prerendered as static HTML (uses getStaticProps)

[2025-08-21 22:27:14] SUCCESS: Production build works
[2025-08-21 22:27:15] --- Testing Backend ---
[2025-08-21 22:27:15] TEST: Prisma schema validation...
Environment variables loaded from .env
Prisma schema loaded from prisma\schema.prisma
The schema at prisma\schema.prisma is valid 🚀
[2025-08-21 22:27:31] SUCCESS: Prisma schema valid
[2025-08-21 22:27:31] TEST: API route configuration...
[2025-08-21 22:27:32] SUCCESS: API routes configured correctly
[2025-08-21 22:27:32] API routes have /api prefix
[2025-08-21 22:27:32] --- Test Summary ---
[2025-08-21 22:27:32] WARNING: Tests passed with 5 non-critical warning(s)
[2025-08-21 22:27:32] INFO: Safe to deploy but consider fixing warnings
[2025-08-21 22:27:32] SUCCESS: Tests passed
[2025-08-21 22:27:32] --- Security Check ---
[2025-08-21 22:27:32] INFO: Scanning for exposed secrets...
[2025-08-21 22:27:36] WARNING: Potential secrets in code - verify they're not hardcoded
[2025-08-21 22:27:36] Potential secret in: ./wealthlogs-code/apps/backend/src/middleware/passport.config.js
[2025-08-21 22:27:36] Potential secret in: ./wealthlogs-code/apps/backend/src/services/token.service.js
[2025-08-21 22:27:36] --- Git Status ---
[2025-08-21 22:27:37] WARNING: You have uncommitted changes:
 M wealthlogs-code/apps/backend/.env.production
?? .maintain-logs/maintain-20250821-195335.log
?? .maintain-logs/maintain-20250821-195505.log
[2025-08-21 22:27:37] INFO: Current branch: master
[2025-08-21 22:27:37] Git branch: master
[2025-08-21 22:27:37] ===     ✅ READY FOR DEPLOYMENT!     ===
[2025-08-21 22:27:37] INFO: After pushing, monitor deployments at:
