=========================================
WealthLog Maintenance Log
Date: Thu, Aug 21, 2025  4:43:17 PM
Command: init
=========================================

[2025-08-21 16:43:17] ===          INITIALIZING WEALTHLOG PROJECT          ===
[2025-08-21 16:43:19] INFO: Node.js v22.14.0 | npm 11.1.0
[2025-08-21 16:43:19] INFO: Detected existing installation - updating packages...
[2025-08-21 16:43:19] Running in update mode
[2025-08-21 16:43:19] --- Creating Environment Files ---
[2025-08-21 16:43:19] WARNING: Backend .env already exists - skipping
[2025-08-21 16:43:19] WARNING: Frontend .env.local already exists - skipping
[2025-08-21 16:43:19] --- Installing Dependencies ---
[2025-08-21 16:43:19] INFO: Installing root dependencies...
npm warn using --force Recommended protections disabled.

changed 5 packages, and audited 845 packages in 11s

197 packages are looking for funding
  run `npm fund` for details

3 vulnerabilities (2 moderate, 1 critical)

To address all issues (including breaking changes), run:
  npm audit fix --force

Run `npm audit` for details.
[2025-08-21 16:43:31] SUCCESS: Root dependencies installed
[2025-08-21 16:43:32] INFO: Installing backend dependencies...
npm warn using --force Recommended protections disabled.

up to date, audited 840 packages in 7s

197 packages are looking for funding
  run `npm fund` for details

found 0 vulnerabilities
[2025-08-21 16:43:40] SUCCESS: Backend dependencies installed
[2025-08-21 16:43:40] INFO: Installing frontend dependencies...
npm warn using --force Recommended protections disabled.

up to date, audited 840 packages in 8s

197 packages are looking for funding
  run `npm fund` for details

1 critical severity vulnerability

To address all issues, run:
  npm audit fix --force

Run `npm audit` for details.

up to date, audited 840 packages in 7s

197 packages are looking for funding
  run `npm fund` for details

1 critical severity vulnerability

To address all issues, run:
  npm audit fix --force

Run `npm audit` for details.
[2025-08-21 16:43:58] SUCCESS: Frontend dependencies installed
[2025-08-21 16:43:58] --- Building Shared Packages ---

> @wealthlog/shared@0.0.1 build
> tsc

[2025-08-21 16:44:02] SUCCESS: Shared package built successfully
[2025-08-21 16:44:02] --- Setting Up Database ---
Environment variables loaded from .env
Prisma schema loaded from prisma\schema.prisma

✔ Generated Prisma Client (v6.14.0) to .\..\..\..\node_modules\@prisma\client in 571ms

Start by importing your Prisma Client (See: https://pris.ly/d/importing-client)

Tip: Need your database queries to be 1000x faster? Accelerate offers you that and more: https://pris.ly/tip-2-accelerate

[2025-08-21 16:44:12] SUCCESS: Prisma client generated
[2025-08-21 16:44:12] ===           UPDATE COMPLETE!           ===
