=========================================
WealthLog Maintenance Log
Date: Sat, Aug 23, 2025  3:41:23 PM
Command: doctor
=========================================

[2025-08-23 15:41:23] ===        COMPREHENSIVE SYSTEM DIAGNOSTICS        ===
[2025-08-23 15:41:23] --- System Requirements ---
[2025-08-23 15:41:24] INFO: Operating System: windows
[2025-08-23 15:41:24] SUCCESS: Node.js: v22.14.0 ✓
[2025-08-23 15:41:26] SUCCESS: npm: 11.1.0 ✓
[2025-08-23 15:41:26] SUCCESS: Git: 2.48.1.windows.1 ✓
[2025-08-23 15:41:26] --- Project Structure ---
[2025-08-23 15:41:26] SUCCESS: Backend directory: Found ✓
[2025-08-23 15:41:26] SUCCESS: Frontend directory: Found ✓
[2025-08-23 15:41:26] SUCCESS: Shared directory: Found ✓
[2025-08-23 15:41:26] --- Package Configuration ---
[2025-08-23 15:41:26] SUCCESS: Backend package.json: Found ✓
[2025-08-23 15:41:26] SUCCESS: Frontend package.json: Found ✓
[2025-08-23 15:41:27] SUCCESS: Shared package.json: Found ✓
[2025-08-23 15:41:27] --- Dependencies Installation ---
[2025-08-23 15:41:27] SUCCESS: Root dependencies: 629 packages ✓
[2025-08-23 15:41:27] SUCCESS: Backend dependencies: 0 packages ✓
[2025-08-23 15:41:27] WARNING: Frontend dependencies: Not installed
[2025-08-23 15:41:27] --- Environment Configuration ---
[2025-08-23 15:41:27] SUCCESS: Backend .env: Found ✓
[2025-08-23 15:41:27] SUCCESS:   • DATABASE_URL: Configured ✓
[2025-08-23 15:41:27] SUCCESS:   • JWT_ACCESS_SECRET: Configured ✓
[2025-08-23 15:41:27] SUCCESS:   • PORT: Configured ✓
[2025-08-23 15:41:27] SUCCESS: Frontend .env.local: Found ✓
[2025-08-23 15:41:27] --- Database Status ---
[2025-08-23 15:41:27] SUCCESS: Prisma schema: Found ✓
Environment variables loaded from .env
Prisma schema loaded from prisma\schema.prisma
The schema at prisma\schema.prisma is valid 🚀
[2025-08-23 15:41:33] SUCCESS:   • Schema validation: Passed ✓
[2025-08-23 15:41:39] SUCCESS:   • Migrations: Up to date ✓
[2025-08-23 15:41:39] --- Network Ports ---
[2025-08-23 15:41:39] SUCCESS: Frontend port 3000: Available ✓
[2025-08-23 15:41:39] SUCCESS: Backend port 5000: Available ✓
[2025-08-23 15:41:39] --- Security Configuration ---
[2025-08-23 15:41:40] SUCCESS: JWT Secret: Secure (64 chars) ✓
[2025-08-23 15:41:40] SUCCESS: Database Password: Custom ✓
[2025-08-23 15:41:40] --- Version Control ---
[2025-08-23 15:41:40] SUCCESS: Git repository: Initialized ✓
[2025-08-23 15:41:40] INFO:   • Current branch: master
[2025-08-23 15:41:40] WARNING:   • Working tree: 26 uncommitted change(s)
[2025-08-23 15:41:40] SUCCESS:   • Remote origin: Configured ✓
[2025-08-23 15:41:40] --- System Resources ---
[2025-08-23 15:41:41] SUCCESS: Disk usage: 73% ✓
[2025-08-23 15:41:41] --- Production Readiness ---
[2025-08-23 15:41:41] SUCCESS: Frontend build: Found ✓
[2025-08-23 15:41:53] SUCCESS: TypeScript: No errors ✓
[2025-08-23 15:41:54] ===     DIAGNOSTIC SUMMARY     ===
[2025-08-23 15:41:54] WARNING: System is functional with 2 warning(s)
