=========================================
WealthLog Maintenance Log
Date: Fri, Aug 22, 2025  3:32:23 PM
Command: auth:test prod
=========================================

[2025-08-22 15:32:23] ===       AUTHENTICATION TESTING       ===
[2025-08-22 15:32:23] INFO: Testing PRODUCTION authentication
[2025-08-22 15:32:23] --- Testing Auth Debug Endpoint ---
[2025-08-22 15:32:23] TEST: Checking auth configuration...
[2025-08-22 15:32:24] ERROR: Debug endpoint not accessible
[2025-08-22 15:32:24] Debug failed: {"error":"Route not found","path":"/api/auth/debug","method":"GET","timestamp":"2025-08-22T12:32:23.961Z"}
[2025-08-22 15:32:24] --- Testing Login Flow ---
[2025-08-22 15:32:24] TEST: Attempting login...
[2025-08-22 15:32:25] SUCCESS: Login successful!
[2025-08-22 15:32:26] INFO: Access token received (length: 243)
[2025-08-22 15:32:26] Login successful, token length: 243
[2025-08-22 15:32:26] --- Testing Protected Routes ---
[2025-08-22 15:32:26] TEST: Testing /api/auth/me endpoint...
[2025-08-22 15:32:26] SUCCESS: Protected route accessible with token
[2025-08-22 15:32:26] Me endpoint response: {"user":{"id":1,"username":"bech","email":"a@f.c","firstName":"a","lastName":"a","phone":"","roles":["MEMBER"],"emailVerified":true,"createdAt":"2025-05-13T15:31:20.918Z","lastLoginAt":"2025-08-22T12:32:25.073Z"}}
[2025-08-22 15:32:26] TEST: Testing /api/dashboard/networth/summary...
[2025-08-22 15:32:27] ERROR: Dashboard endpoint failed
[2025-08-22 15:32:27] --- Testing CORS Configuration ---
[2025-08-22 15:32:27] TEST: Testing CORS preflight request...
[2025-08-22 15:32:28] SUCCESS: CORS headers present
[2025-08-22 15:32:28] SUCCESS: Authentication test complete!
