=========================================
WealthLog Maintenance Log
Date: Fri, Aug 22, 2025  3:31:38 PM
Command: auth:test prod
=========================================

[2025-08-22 15:31:38] ===       AUTHENTICATION TESTING       ===
[2025-08-22 15:31:38] INFO: Testing PRODUCTION authentication
[2025-08-22 15:31:39] --- Testing Auth Debug Endpoint ---
[2025-08-22 15:31:39] TEST: Checking auth configuration...
[2025-08-22 15:31:40] ERROR: Debug endpoint not accessible
[2025-08-22 15:31:40] Debug failed: {"error":"Route not found","path":"/api/auth/debug","method":"GET","timestamp":"2025-08-22T12:31:39.461Z"}
[2025-08-22 15:31:40] --- Testing Login Flow ---
[2025-08-22 15:31:40] TEST: Attempting login...
[2025-08-22 15:31:41] WARNING: Login failed or user doesn't exist
[2025-08-22 15:31:41] Login response: {"error":"Invalid email or password"}
[2025-08-22 15:31:41] TEST: Attempting to register test user...
[2025-08-22 15:31:42] SUCCESS: Test user registered
[2025-08-22 15:31:43] --- Testing CORS Configuration ---
[2025-08-22 15:31:43] TEST: Testing CORS preflight request...
[2025-08-22 15:31:44] SUCCESS: CORS headers present
[2025-08-22 15:31:44] SUCCESS: Authentication test complete!
