=========================================
WealthLog Maintenance Log
Date: Fri, Aug 22, 2025  4:07:47 PM
Command: auth:test prod
=========================================

[2025-08-22 16:07:47] ===       AUTHENTICATION TESTING       ===
[2025-08-22 16:07:47] INFO: Testing PRODUCTION authentication
[2025-08-22 16:07:48] --- Testing Auth Debug Endpoint ---
[2025-08-22 16:07:48] TEST: Checking auth configuration...
[2025-08-22 16:07:48] SUCCESS: Debug endpoint accessible
[2025-08-22 16:07:49] Debug response: {"timestamp":"2025-08-22T13:07:47.869Z","environment":"production","cors":{"allowedOrigins":["https://wealthlogs.com","https://www.wealthlogs.com"],"frontendUrl":"https://wealthlogs.com"},"request":{"method":"GET","url":"/debug"},"auth":{"hasAuthHeader":false,"authHeaderLength":0},"cookies":{"hasCookies":true,"cookieNames":[],"hasRefreshToken":false,"hasAccessToken":false},"cookieSettings":{"secure":true,"sameSite":"none","domain":"not set"}}
[2025-08-22 16:07:49] --- Testing Login Flow ---
[2025-08-22 16:07:49] TEST: Attempting login...
[2025-08-22 16:07:50] SUCCESS: Login successful!
[2025-08-22 16:07:50] INFO: Access token received (length: 243)
[2025-08-22 16:07:50] Login successful, token length: 243
[2025-08-22 16:07:50] --- Testing Protected Routes ---
[2025-08-22 16:07:50] TEST: Testing /api/auth/me endpoint...
[2025-08-22 16:07:51] SUCCESS: Protected route accessible with token
[2025-08-22 16:07:51] Me endpoint response: {"user":{"id":1,"username":"bech","email":"a@f.c","firstName":"a","lastName":"a","phone":"","roles":["MEMBER"],"emailVerified":true,"createdAt":"2025-05-13T15:31:20.918Z","lastLoginAt":"2025-08-22T13:07:49.645Z"}}
[2025-08-22 16:07:51] TEST: Testing /api/dashboard/networth/summary...
[2025-08-22 16:07:52] ERROR: Dashboard endpoint failed
[2025-08-22 16:07:52] --- Testing CORS Configuration ---
[2025-08-22 16:07:52] TEST: Testing CORS preflight request...
[2025-08-22 16:07:52] SUCCESS: CORS headers present
[2025-08-22 16:07:52] SUCCESS: Authentication test complete!
