=========================================
WealthLog Maintenance Log
Date: Fri, Aug 22, 2025  4:04:30 PM
Command: auth:test prod
=========================================

[2025-08-22 16:04:30] ===       AUTHENTICATION TESTING       ===
[2025-08-22 16:04:30] INFO: Testing PRODUCTION authentication
[2025-08-22 16:04:30] --- Testing Auth Debug Endpoint ---
[2025-08-22 16:04:30] TEST: Checking auth configuration...
[2025-08-22 16:04:31] SUCCESS: Debug endpoint accessible
[2025-08-22 16:04:31] Debug response: {"timestamp":"2025-08-22T13:04:30.746Z","environment":"production","cors":{"allowedOrigins":["https://wealthlogs.com","https://www.wealthlogs.com"],"frontendUrl":"https://wealthlogs.com"},"request":{"method":"GET","url":"/debug"},"auth":{"hasAuthHeader":false,"authHeaderLength":0},"cookies":{"hasCookies":true,"cookieNames":[],"hasRefreshToken":false,"hasAccessToken":false},"cookieSettings":{"secure":true,"sameSite":"none","domain":"not set"}}
[2025-08-22 16:04:31] --- Testing Login Flow ---
[2025-08-22 16:04:31] TEST: Attempting login...
[2025-08-22 16:04:32] SUCCESS: Login successful!
[2025-08-22 16:04:32] INFO: Access token received (length: 243)
[2025-08-22 16:04:33] Login successful, token length: 243
[2025-08-22 16:04:33] --- Testing Protected Routes ---
[2025-08-22 16:04:33] TEST: Testing /api/auth/me endpoint...
[2025-08-22 16:04:34] SUCCESS: Protected route accessible with token
[2025-08-22 16:04:34] Me endpoint response: {"user":{"id":1,"username":"bech","email":"a@f.c","firstName":"a","lastName":"a","phone":"","roles":["MEMBER"],"emailVerified":true,"createdAt":"2025-05-13T15:31:20.918Z","lastLoginAt":"2025-08-22T13:04:31.853Z"}}
[2025-08-22 16:04:34] TEST: Testing /api/dashboard/networth/summary...
[2025-08-22 16:04:35] ERROR: Dashboard endpoint failed
[2025-08-22 16:04:35] --- Testing CORS Configuration ---
[2025-08-22 16:04:36] TEST: Testing CORS preflight request...
[2025-08-22 16:04:36] SUCCESS: CORS headers present
[2025-08-22 16:04:37] SUCCESS: Authentication test complete!
