=========================================
WealthLog Maintenance Log
Date: Fri, Aug 22, 2025  4:15:22 PM
Command: auth:test
=========================================

[2025-08-22 16:15:22] ===       AUTHENTICATION TESTING       ===
[2025-08-22 16:15:22] INFO: Testing LOCAL authentication
[2025-08-22 16:15:22] --- Testing Auth Debug Endpoint ---
[2025-08-22 16:15:22] TEST: Checking auth configuration...
[2025-08-22 16:15:23] SUCCESS: Debug endpoint accessible
[2025-08-22 16:15:23] Debug response: {"timestamp":"2025-08-22T13:15:23.068Z","environment":"development","cors":{"allowedOrigins":["http://localhost:3000","http://localhost:3003"],"frontendUrl":"http://localhost:3000"},"request":{"method":"GET","url":"/debug"},"auth":{"hasAuthHeader":false,"authHeaderLength":0},"cookies":{"hasCookies":true,"cookieNames":[],"hasRefreshToken":false,"hasAccessToken":false},"cookieSettings":{"secure":false,"sameSite":"lax","domain":"not set"}}
[2025-08-22 16:15:23] --- Testing Login Flow ---
[2025-08-22 16:15:23] TEST: Attempting login...
[2025-08-22 16:15:24] SUCCESS: Login successful!
[2025-08-22 16:15:24] INFO: Access token received (length: 264)
[2025-08-22 16:15:24] Login successful, token length: 264
[2025-08-22 16:15:25] --- Testing Protected Routes ---
[2025-08-22 16:15:25] TEST: Testing /api/auth/me endpoint...
[2025-08-22 16:15:25] SUCCESS: Protected route accessible with token
[2025-08-22 16:15:25] Me endpoint response: {"user":{"id":1,"username":"bech","email":"a@f.c","firstName":"a","lastName":"a","phone":"","roles":["MEMBER"],"emailVerified":false,"createdAt":"2025-05-12T16:55:12.080Z","lastLoginAt":"2025-08-22T13:15:24.496Z"}}
[2025-08-22 16:15:25] TEST: Testing /api/dashboard/networth/summary...
[2025-08-22 16:15:47] SUCCESS: Dashboard endpoint accessible
[2025-08-22 16:15:47] --- Testing CORS Configuration ---
[2025-08-22 16:15:48] TEST: Testing CORS preflight request...
[2025-08-22 16:15:48] WARNING: CORS headers might be missing
[2025-08-22 16:15:48] SUCCESS: Authentication test complete!
