=========================================
WealthLog Maintenance Log
Date: Fri, Aug 22, 2025  3:36:54 PM
Command: auth:test prod
=========================================

[2025-08-22 15:36:54] ===       AUTHENTICATION TESTING       ===
[2025-08-22 15:36:54] INFO: Testing PRODUCTION authentication
[2025-08-22 15:36:54] --- Testing Auth Debug Endpoint ---
[2025-08-22 15:36:54] TEST: Checking auth configuration...
[2025-08-22 15:36:55] SUCCESS: Debug endpoint accessible
[2025-08-22 15:36:55] Debug response: {"timestamp":"2025-08-22T12:36:54.630Z","environment":"production","cors":{"allowedOrigins":["https://wealthlogs.com","https://www.wealthlogs.com"],"frontendUrl":"https://wealthlogs.com"},"request":{"method":"GET","url":"/debug"},"auth":{"hasAuthHeader":false,"authHeaderLength":0},"cookies":{"hasCookies":true,"cookieNames":[],"hasRefreshToken":false,"hasAccessToken":false},"cookieSettings":{"secure":true,"sameSite":"none","domain":"not set"}}
[2025-08-22 15:36:55] --- Testing Login Flow ---
[2025-08-22 15:36:55] TEST: Attempting login...
[2025-08-22 15:36:56] SUCCESS: Login successful!
[2025-08-22 15:36:56] INFO: Access token received (length: 243)
[2025-08-22 15:36:57] Login successful, token length: 243
[2025-08-22 15:36:57] --- Testing Protected Routes ---
[2025-08-22 15:36:57] TEST: Testing /api/auth/me endpoint...
[2025-08-22 15:36:57] SUCCESS: Protected route accessible with token
[2025-08-22 15:36:57] Me endpoint response: {"user":{"id":1,"username":"bech","email":"a@f.c","firstName":"a","lastName":"a","phone":"","roles":["MEMBER"],"emailVerified":true,"createdAt":"2025-05-13T15:31:20.918Z","lastLoginAt":"2025-08-22T12:36:56.150Z"}}
[2025-08-22 15:36:57] TEST: Testing /api/dashboard/networth/summary...
[2025-08-22 15:36:58] ERROR: Dashboard endpoint failed
[2025-08-22 15:36:58] --- Testing CORS Configuration ---
[2025-08-22 15:36:58] TEST: Testing CORS preflight request...
[2025-08-22 15:36:59] SUCCESS: CORS headers present
[2025-08-22 15:36:59] SUCCESS: Authentication test complete!
