=========================================
WealthLog Maintenance Log
Date: Fri, Aug 22, 2025  4:08:06 PM
Command: auth:test prod
=========================================

[2025-08-22 16:08:06] ===       AUTHENTICATION TESTING       ===
[2025-08-22 16:08:06] INFO: Testing PRODUCTION authentication
[2025-08-22 16:08:06] --- Testing Auth Debug Endpoint ---
[2025-08-22 16:08:06] TEST: Checking auth configuration...
[2025-08-22 16:08:06] SUCCESS: Debug endpoint accessible
[2025-08-22 16:08:07] Debug response: {"timestamp":"2025-08-22T13:08:06.343Z","environment":"production","cors":{"allowedOrigins":["https://wealthlogs.com","https://www.wealthlogs.com"],"frontendUrl":"https://wealthlogs.com"},"request":{"method":"GET","url":"/debug"},"auth":{"hasAuthHeader":false,"authHeaderLength":0},"cookies":{"hasCookies":true,"cookieNames":[],"hasRefreshToken":false,"hasAccessToken":false},"cookieSettings":{"secure":true,"sameSite":"none","domain":"not set"}}
[2025-08-22 16:08:07] --- Testing Login Flow ---
[2025-08-22 16:08:07] TEST: Attempting login...
[2025-08-22 16:08:08] SUCCESS: Login successful!
[2025-08-22 16:08:08] INFO: Access token received (length: 264)
[2025-08-22 16:08:08] Login successful, token length: 264
[2025-08-22 16:08:08] --- Testing Protected Routes ---
[2025-08-22 16:08:08] TEST: Testing /api/auth/me endpoint...
[2025-08-22 16:08:08] SUCCESS: Protected route accessible with token
[2025-08-22 16:08:08] Me endpoint response: {"user":{"id":1,"username":"bech","email":"a@f.c","firstName":"a","lastName":"a","phone":"","roles":["MEMBER"],"emailVerified":true,"createdAt":"2025-05-13T15:31:20.918Z","lastLoginAt":"2025-08-22T13:08:07.459Z"}}
[2025-08-22 16:08:08] TEST: Testing /api/dashboard/networth/summary...
[2025-08-22 16:08:09] SUCCESS: Dashboard endpoint accessible
[2025-08-22 16:08:09] --- Testing CORS Configuration ---
[2025-08-22 16:08:09] TEST: Testing CORS preflight request...
[2025-08-22 16:08:09] SUCCESS: CORS headers present
[2025-08-22 16:08:09] SUCCESS: Authentication test complete!
