=========================================
WealthLog Maintenance Log
Date: Sat, Aug 23, 2025  7:03:20 PM
Command: init
=========================================

[2025-08-23 19:03:20] ===          INITIALIZING WEALTHLOG PROJECT          ===
[2025-08-23 19:03:23] INFO: System: windows | Node: v22.14.0 | npm: 11.1.0 | Git: 2.48.1.windows.1
[2025-08-23 19:03:23] --- Creating Environment Files ---
[2025-08-23 19:03:23] ===     EXPORTING CONFIGURATION     ===
[2025-08-23 19:03:23] --- Creating Backend .env ---
[2025-08-23 19:03:23] SUCCESS: Backend .env created
[2025-08-23 19:03:23] --- Creating Frontend .env.local ---
[2025-08-23 19:03:23] SUCCESS: Frontend .env.local created
[2025-08-23 19:03:23] --- Creating Mobile .env ---
[2025-08-23 19:03:23] SUCCESS: Mobile .env created
[2025-08-23 19:03:23] SUCCESS: Configuration exported to all apps!
[2025-08-23 19:03:23] ===     INSTALLING ALL DEPENDENCIES     ===
[2025-08-23 19:03:24] SUCCESS: Root dependencies already installed
[2025-08-23 19:03:24] INFO: Ensuring all workspace packages are linked...

up to date, audited 841 packages in 7s

197 packages are looking for funding
  run `npm fund` for details

3 vulnerabilities (2 moderate, 1 critical)

To address all issues (including breaking changes), run:
  npm audit fix --force

Run `npm audit` for details.
[2025-08-23 19:03:31] INFO: Setting up common package...

up to date, audited 841 packages in 4s

197 packages are looking for funding
  run `npm fund` for details

found 0 vulnerabilities
[2025-08-23 19:03:38] SUCCESS: Common package ready
[2025-08-23 19:03:38] INFO: Building shared package...

> @wealthlog/shared@0.0.1 build
> tsc

[2025-08-23 19:03:42] SUCCESS: Shared package built
[2025-08-23 19:03:42] --- Building Shared Package ---
[2025-08-23 19:03:42] WARNING: TypeScript not found - skipping build
[2025-08-23 19:03:42] --- Setting Up Database Client ---
[2025-08-23 19:03:42] INFO: Generating Prisma client...
Environment variables loaded from .env
Prisma schema loaded from prisma\schema.prisma

✔ Generated Prisma Client (v6.14.0) to .\..\..\node_modules\@prisma\client in 613ms

Start by importing your Prisma Client (See: https://pris.ly/d/importing-client)

Tip: Interested in query caching in just a few lines of code? Try Accelerate today! https://pris.ly/tip-3-accelerate

[2025-08-23 19:03:49] SUCCESS: Prisma client generated
[2025-08-23 19:03:49] ===           INITIALIZATION COMPLETE!           ===
