=========================================
WealthLog Maintenance Log
Date: Sat, Aug 23, 2025  2:53:58 PM
Command: doctor
=========================================

[2025-08-23 14:53:58] ===        COMPREHENSIVE SYSTEM DIAGNOSTICS        ===
[2025-08-23 14:53:58] --- System Requirements ---
[2025-08-23 14:53:58] INFO: Operating System: windows
[2025-08-23 14:53:58] SUCCESS: Node.js: v22.14.0 ✓
[2025-08-23 14:54:01] SUCCESS: npm: 11.1.0 ✓
[2025-08-23 14:54:01] SUCCESS: Git: 2.48.1.windows.1 ✓
[2025-08-23 14:54:01] --- Project Structure ---
[2025-08-23 14:54:01] ERROR: Backend directory: Not found
[2025-08-23 14:54:01] ERROR: Frontend directory: Not found
[2025-08-23 14:54:01] ERROR: Shared directory: Not found
[2025-08-23 14:54:01] --- Package Configuration ---
[2025-08-23 14:54:01] ERROR: Backend package.json: Not found
[2025-08-23 14:54:01] ERROR: Frontend package.json: Not found
[2025-08-23 14:54:01] ERROR: Shared package.json: Not found
[2025-08-23 14:54:01] --- Dependencies Installation ---
[2025-08-23 14:54:01] WARNING: Root dependencies: Not installed
[2025-08-23 14:54:02] WARNING: Backend dependencies: Not installed
[2025-08-23 14:54:02] WARNING: Frontend dependencies: Not installed
[2025-08-23 14:54:02] --- Environment Configuration ---
[2025-08-23 14:54:02] ERROR: Backend .env: Not found
[2025-08-23 14:54:02] WARNING: Frontend .env.local: Not found (optional)
[2025-08-23 14:54:02] --- Database Status ---
